2018-06-26 18:56:31.663  INFO 32104 --- [main] application.CertificateGeneratorApp      : Starting CertificateGeneratorApp on DESKTOP-LRM0SBP with PID 32104 (started by Dušan Rodić in C:\Users\Dušan Rodić\git\xml-conflicts\xml\CertificateGenerator)
2018-06-26 18:56:31.663  INFO 32104 --- [main] application.CertificateGeneratorApp      : No active profile set, falling back to default profiles: default
2018-06-26 18:56:31.702  INFO 32104 --- [main] ationConfigEmbeddedWebApplicationContext : Refreshing org.springframework.boot.context.embedded.AnnotationConfigEmbeddedWebApplicationContext@51b7e5df: startup date [Tue Jun 26 18:56:31 CEST 2018]; root of context hierarchy
2018-06-26 18:56:32.895  INFO 32104 --- [main] trationDelegate$BeanPostProcessorChecker : Bean 'org.springframework.ws.config.annotation.DelegatingWsConfiguration' of type [org.springframework.ws.config.annotation.DelegatingWsConfiguration$$EnhancerBySpringCGLIB$$f48cf5f6] is not eligible for getting processed by all BeanPostProcessors (for example: not eligible for auto-proxying)
2018-06-26 18:56:32.954  INFO 32104 --- [main] .w.s.a.s.AnnotationActionEndpointMapping : Supporting [WS-Addressing August 2004, WS-Addressing 1.0]
2018-06-26 18:56:32.985  INFO 32104 --- [main] trationDelegate$BeanPostProcessorChecker : Bean 'org.springframework.transaction.annotation.ProxyTransactionManagementConfiguration' of type [org.springframework.transaction.annotation.ProxyTransactionManagementConfiguration$$EnhancerBySpringCGLIB$$4ff530f7] is not eligible for getting processed by all BeanPostProcessors (for example: not eligible for auto-proxying)
2018-06-26 18:56:34.119  INFO 32104 --- [main] s.b.c.e.t.TomcatEmbeddedServletContainer : Tomcat initialized with port(s): 9000 (https)
2018-06-26 18:56:34.136  INFO 32104 --- [main] o.apache.catalina.core.StandardService   : Starting service [Tomcat]
2018-06-26 18:56:34.136  INFO 32104 --- [main] org.apache.catalina.core.StandardEngine  : Starting Servlet Engine: Apache Tomcat/8.5.27
2018-06-26 18:56:34.297  INFO 32104 --- [localhost-startStop-1] o.a.c.c.C.[Tomcat].[localhost].[/]       : Initializing Spring embedded WebApplicationContext
2018-06-26 18:56:34.297  INFO 32104 --- [localhost-startStop-1] o.s.web.context.ContextLoader            : Root WebApplicationContext: initialization completed in 2595 ms
2018-06-26 18:56:34.484  INFO 32104 --- [localhost-startStop-1] o.s.b.w.servlet.ServletRegistrationBean  : Mapping servlet: 'dispatcherServlet' to [/]
2018-06-26 18:56:34.484  INFO 32104 --- [localhost-startStop-1] o.s.b.w.servlet.ServletRegistrationBean  : Mapping servlet: 'messageDispatcherServlet' to [/services/*]
2018-06-26 18:56:34.500  INFO 32104 --- [localhost-startStop-1] o.s.b.w.servlet.FilterRegistrationBean   : Mapping filter: 'characterEncodingFilter' to: [/*]
2018-06-26 18:56:34.500  INFO 32104 --- [localhost-startStop-1] o.s.b.w.servlet.FilterRegistrationBean   : Mapping filter: 'hiddenHttpMethodFilter' to: [/*]
2018-06-26 18:56:34.500  INFO 32104 --- [localhost-startStop-1] o.s.b.w.servlet.FilterRegistrationBean   : Mapping filter: 'httpPutFormContentFilter' to: [/*]
2018-06-26 18:56:34.500  INFO 32104 --- [localhost-startStop-1] o.s.b.w.servlet.FilterRegistrationBean   : Mapping filter: 'requestContextFilter' to: [/*]
2018-06-26 18:56:35.118  INFO 32104 --- [main] j.LocalContainerEntityManagerFactoryBean : Building JPA container EntityManagerFactory for persistence unit 'default'
2018-06-26 18:56:35.149  INFO 32104 --- [main] o.hibernate.jpa.internal.util.LogHelper  : HHH000204: Processing PersistenceUnitInfo [
	name: default
	...]
2018-06-26 18:56:35.249  INFO 32104 --- [main] org.hibernate.Version                    : HHH000412: Hibernate Core {5.0.12.Final}
2018-06-26 18:56:35.249  INFO 32104 --- [main] org.hibernate.cfg.Environment            : HHH000206: hibernate.properties not found
2018-06-26 18:56:35.249  INFO 32104 --- [main] org.hibernate.cfg.Environment            : HHH000021: Bytecode provider name : javassist
2018-06-26 18:56:35.296  INFO 32104 --- [main] o.hibernate.annotations.common.Version   : HCANN000001: Hibernate Commons Annotations {5.0.1.Final}
2018-06-26 18:56:35.566  INFO 32104 --- [main] org.hibernate.dialect.Dialect            : HHH000400: Using dialect: org.hibernate.dialect.MySQL5Dialect
2018-06-26 18:56:35.781  INFO 32104 --- [main] org.hibernate.tool.hbm2ddl.SchemaUpdate  : HHH000228: Running hbm2ddl schema update
2018-06-26 18:56:35.812  INFO 32104 --- [main] j.LocalContainerEntityManagerFactoryBean : Initialized JPA EntityManagerFactory for persistence unit 'default'
2018-06-26 18:56:36.204  INFO 32104 --- [main] o.s.oxm.jaxb.Jaxb2Marshaller             : Creating JAXBContext with context path [soap]
2018-06-26 18:56:36.310  INFO 32104 --- [main] o.s.ws.soap.saaj.SaajSoapMessageFactory  : Creating SAAJ 1.3 MessageFactory with SOAP 1.1 Protocol
2018-06-26 18:56:36.648  INFO 32104 --- [main] s.w.s.m.m.a.RequestMappingHandlerAdapter : Looking for @ControllerAdvice: org.springframework.boot.context.embedded.AnnotationConfigEmbeddedWebApplicationContext@51b7e5df: startup date [Tue Jun 26 18:56:31 CEST 2018]; root of context hierarchy
2018-06-26 18:56:36.749  INFO 32104 --- [main] s.w.s.m.m.a.RequestMappingHandlerMapping : Mapped "{[/certificates/newCSR/{caAlias}],methods=[POST]}" onto public org.springframework.http.ResponseEntity<java.lang.String> controller.CertificateController.sendCSR(model.CSRDto,java.lang.String) throws java.security.NoSuchAlgorithmException,java.io.FileNotFoundException,java.security.KeyStoreException,java.security.NoSuchProviderException,java.io.IOException
2018-06-26 18:56:36.749  INFO 32104 --- [main] s.w.s.m.m.a.RequestMappingHandlerMapping : Mapped "{[/certificates/check/{caAlias}],methods=[POST]}" onto public org.springframework.http.ResponseEntity<model.OCSPResponseStatus> controller.CertificateController.checkCertificate(java.lang.String,java.lang.String)
2018-06-26 18:56:36.749  INFO 32104 --- [main] s.w.s.m.m.a.RequestMappingHandlerMapping : Mapped "{[/certificates/revoke/{caAlias}],methods=[POST]}" onto public org.springframework.http.ResponseEntity<model.OCSPResponseStatus> controller.CertificateController.revokeCertificate(java.lang.String,java.lang.String)
2018-06-26 18:56:36.764  INFO 32104 --- [main] s.w.s.m.m.a.RequestMappingHandlerMapping : Mapped "{[/certificates/file/{caAlias}],methods=[POST],produces=[text/plain]}" onto public org.springframework.http.ResponseEntity<org.springframework.core.io.ByteArrayResource> controller.CertificateController.getCertificateFile(java.lang.String,java.lang.String)
2018-06-26 18:56:36.764  INFO 32104 --- [main] s.w.s.m.m.a.RequestMappingHandlerMapping : Mapped "{[/certificates],methods=[GET]}" onto public org.springframework.http.ResponseEntity<java.util.List<java.lang.String>> controller.CertificateController.getAllCACertificates()
2018-06-26 18:56:36.764  INFO 32104 --- [main] s.w.s.m.m.a.RequestMappingHandlerMapping : Mapped "{[/error]}" onto public org.springframework.http.ResponseEntity<java.util.Map<java.lang.String, java.lang.Object>> org.springframework.boot.autoconfigure.web.BasicErrorController.error(javax.servlet.http.HttpServletRequest)
2018-06-26 18:56:36.764  INFO 32104 --- [main] s.w.s.m.m.a.RequestMappingHandlerMapping : Mapped "{[/error],produces=[text/html]}" onto public org.springframework.web.servlet.ModelAndView org.springframework.boot.autoconfigure.web.BasicErrorController.errorHtml(javax.servlet.http.HttpServletRequest,javax.servlet.http.HttpServletResponse)
2018-06-26 18:56:36.796  INFO 32104 --- [main] o.s.w.s.handler.SimpleUrlHandlerMapping  : Mapped URL path [/webjars/**] onto handler of type [class org.springframework.web.servlet.resource.ResourceHttpRequestHandler]
2018-06-26 18:56:36.796  INFO 32104 --- [main] o.s.w.s.handler.SimpleUrlHandlerMapping  : Mapped URL path [/**] onto handler of type [class org.springframework.web.servlet.resource.ResourceHttpRequestHandler]
2018-06-26 18:56:36.843  INFO 32104 --- [main] o.s.w.s.handler.SimpleUrlHandlerMapping  : Mapped URL path [/**/favicon.ico] onto handler of type [class org.springframework.web.servlet.resource.ResourceHttpRequestHandler]
2018-06-26 18:56:36.874  INFO 32104 --- [main] oConfiguration$WelcomePageHandlerMapping : Adding welcome page: class path resource [static/index.html]
2018-06-26 18:56:37.258  INFO 32104 --- [main] o.s.j.e.a.AnnotationMBeanExporter        : Registering beans for JMX exposure on startup
2018-06-26 18:56:37.633  INFO 32104 --- [main] s.b.c.e.t.TomcatEmbeddedServletContainer : Tomcat started on port(s): 9000 (https)
2018-06-26 18:56:37.633  INFO 32104 --- [main] application.CertificateGeneratorApp      : Started CertificateGeneratorApp in 6.259 seconds (JVM running for 6.697)
2018-06-26 18:56:37.633  INFO 32104 --- [main] application.CertificateGeneratorApp      : This is info : ASDF
2018-06-26 18:56:37.633  WARN 32104 --- [main] application.CertificateGeneratorApp      : This is warn : ASDF
2018-06-26 18:56:37.633 ERROR 32104 --- [main] application.CertificateGeneratorApp      : This is error : ASDF
2018-06-26 18:56:37.633 ERROR 32104 --- [main] application.CertificateGeneratorApp      : This is fatal : ASDF
2018-06-26 18:56:51.797  INFO 27184 --- [main] application.CertificateGeneratorApp      : Starting CertificateGeneratorApp on DESKTOP-LRM0SBP with PID 27184 (started by Dušan Rodić in C:\Users\Dušan Rodić\git\xml-conflicts\xml\CertificateGenerator)
2018-06-26 18:56:51.797  INFO 27184 --- [main] application.CertificateGeneratorApp      : No active profile set, falling back to default profiles: default
2018-06-26 18:56:51.844  INFO 27184 --- [main] ationConfigEmbeddedWebApplicationContext : Refreshing org.springframework.boot.context.embedded.AnnotationConfigEmbeddedWebApplicationContext@51b7e5df: startup date [Tue Jun 26 18:56:51 CEST 2018]; root of context hierarchy
2018-06-26 18:56:52.952  INFO 27184 --- [main] trationDelegate$BeanPostProcessorChecker : Bean 'org.springframework.ws.config.annotation.DelegatingWsConfiguration' of type [org.springframework.ws.config.annotation.DelegatingWsConfiguration$$EnhancerBySpringCGLIB$$47f07ea6] is not eligible for getting processed by all BeanPostProcessors (for example: not eligible for auto-proxying)
2018-06-26 18:56:52.991  INFO 27184 --- [main] .w.s.a.s.AnnotationActionEndpointMapping : Supporting [WS-Addressing August 2004, WS-Addressing 1.0]
2018-06-26 18:56:53.045  INFO 27184 --- [main] trationDelegate$BeanPostProcessorChecker : Bean 'org.springframework.transaction.annotation.ProxyTransactionManagementConfiguration' of type [org.springframework.transaction.annotation.ProxyTransactionManagementConfiguration$$EnhancerBySpringCGLIB$$a358b9a7] is not eligible for getting processed by all BeanPostProcessors (for example: not eligible for auto-proxying)
2018-06-26 18:56:53.702  INFO 27184 --- [main] s.b.c.e.t.TomcatEmbeddedServletContainer : Tomcat initialized with port(s): 9000 (https)
2018-06-26 18:56:53.718  INFO 27184 --- [main] o.apache.catalina.core.StandardService   : Starting service [Tomcat]
2018-06-26 18:56:53.718  INFO 27184 --- [main] org.apache.catalina.core.StandardEngine  : Starting Servlet Engine: Apache Tomcat/8.5.27
2018-06-26 18:56:53.858  INFO 27184 --- [localhost-startStop-1] o.a.c.c.C.[Tomcat].[localhost].[/]       : Initializing Spring embedded WebApplicationContext
2018-06-26 18:56:53.858  INFO 27184 --- [localhost-startStop-1] o.s.web.context.ContextLoader            : Root WebApplicationContext: initialization completed in 2014 ms
2018-06-26 18:56:54.060  INFO 27184 --- [localhost-startStop-1] o.s.b.w.servlet.ServletRegistrationBean  : Mapping servlet: 'dispatcherServlet' to [/]
2018-06-26 18:56:54.062  INFO 27184 --- [localhost-startStop-1] o.s.b.w.servlet.ServletRegistrationBean  : Mapping servlet: 'messageDispatcherServlet' to [/services/*]
2018-06-26 18:56:54.066  INFO 27184 --- [localhost-startStop-1] o.s.b.w.servlet.FilterRegistrationBean   : Mapping filter: 'characterEncodingFilter' to: [/*]
2018-06-26 18:56:54.068  INFO 27184 --- [localhost-startStop-1] o.s.b.w.servlet.FilterRegistrationBean   : Mapping filter: 'hiddenHttpMethodFilter' to: [/*]
2018-06-26 18:56:54.068  INFO 27184 --- [localhost-startStop-1] o.s.b.w.servlet.FilterRegistrationBean   : Mapping filter: 'httpPutFormContentFilter' to: [/*]
2018-06-26 18:56:54.069  INFO 27184 --- [localhost-startStop-1] o.s.b.w.servlet.FilterRegistrationBean   : Mapping filter: 'requestContextFilter' to: [/*]
2018-06-26 18:56:54.618  INFO 27184 --- [main] j.LocalContainerEntityManagerFactoryBean : Building JPA container EntityManagerFactory for persistence unit 'default'
2018-06-26 18:56:54.633  INFO 27184 --- [main] o.hibernate.jpa.internal.util.LogHelper  : HHH000204: Processing PersistenceUnitInfo [
	name: default
	...]
2018-06-26 18:56:54.718  INFO 27184 --- [main] org.hibernate.Version                    : HHH000412: Hibernate Core {5.0.12.Final}
2018-06-26 18:56:54.718  INFO 27184 --- [main] org.hibernate.cfg.Environment            : HHH000206: hibernate.properties not found
2018-06-26 18:56:54.718  INFO 27184 --- [main] org.hibernate.cfg.Environment            : HHH000021: Bytecode provider name : javassist
2018-06-26 18:56:54.765  INFO 27184 --- [main] o.hibernate.annotations.common.Version   : HCANN000001: Hibernate Commons Annotations {5.0.1.Final}
2018-06-26 18:56:55.014  INFO 27184 --- [main] org.hibernate.dialect.Dialect            : HHH000400: Using dialect: org.hibernate.dialect.MySQL5Dialect
2018-06-26 18:56:55.264  INFO 27184 --- [main] org.hibernate.tool.hbm2ddl.SchemaUpdate  : HHH000228: Running hbm2ddl schema update
2018-06-26 18:56:55.303  INFO 27184 --- [main] j.LocalContainerEntityManagerFactoryBean : Initialized JPA EntityManagerFactory for persistence unit 'default'
2018-06-26 18:56:55.686  INFO 27184 --- [main] o.s.oxm.jaxb.Jaxb2Marshaller             : Creating JAXBContext with context path [soap]
2018-06-26 18:56:55.749  INFO 27184 --- [main] o.s.ws.soap.saaj.SaajSoapMessageFactory  : Creating SAAJ 1.3 MessageFactory with SOAP 1.1 Protocol
2018-06-26 18:56:56.073  INFO 27184 --- [main] s.w.s.m.m.a.RequestMappingHandlerAdapter : Looking for @ControllerAdvice: org.springframework.boot.context.embedded.AnnotationConfigEmbeddedWebApplicationContext@51b7e5df: startup date [Tue Jun 26 18:56:51 CEST 2018]; root of context hierarchy
2018-06-26 18:56:56.167  INFO 27184 --- [main] s.w.s.m.m.a.RequestMappingHandlerMapping : Mapped "{[/certificates/newCSR/{caAlias}],methods=[POST]}" onto public org.springframework.http.ResponseEntity<java.lang.String> controller.CertificateController.sendCSR(model.CSRDto,java.lang.String) throws java.security.NoSuchAlgorithmException,java.io.FileNotFoundException,java.security.KeyStoreException,java.security.NoSuchProviderException,java.io.IOException
2018-06-26 18:56:56.167  INFO 27184 --- [main] s.w.s.m.m.a.RequestMappingHandlerMapping : Mapped "{[/certificates/check/{caAlias}],methods=[POST]}" onto public org.springframework.http.ResponseEntity<model.OCSPResponseStatus> controller.CertificateController.checkCertificate(java.lang.String,java.lang.String)
2018-06-26 18:56:56.167  INFO 27184 --- [main] s.w.s.m.m.a.RequestMappingHandlerMapping : Mapped "{[/certificates/revoke/{caAlias}],methods=[POST]}" onto public org.springframework.http.ResponseEntity<model.OCSPResponseStatus> controller.CertificateController.revokeCertificate(java.lang.String,java.lang.String)
2018-06-26 18:56:56.167  INFO 27184 --- [main] s.w.s.m.m.a.RequestMappingHandlerMapping : Mapped "{[/certificates/file/{caAlias}],methods=[POST],produces=[text/plain]}" onto public org.springframework.http.ResponseEntity<org.springframework.core.io.ByteArrayResource> controller.CertificateController.getCertificateFile(java.lang.String,java.lang.String)
2018-06-26 18:56:56.167  INFO 27184 --- [main] s.w.s.m.m.a.RequestMappingHandlerMapping : Mapped "{[/certificates],methods=[GET]}" onto public org.springframework.http.ResponseEntity<java.util.List<java.lang.String>> controller.CertificateController.getAllCACertificates()
2018-06-26 18:56:56.167  INFO 27184 --- [main] s.w.s.m.m.a.RequestMappingHandlerMapping : Mapped "{[/error]}" onto public org.springframework.http.ResponseEntity<java.util.Map<java.lang.String, java.lang.Object>> org.springframework.boot.autoconfigure.web.BasicErrorController.error(javax.servlet.http.HttpServletRequest)
2018-06-26 18:56:56.167  INFO 27184 --- [main] s.w.s.m.m.a.RequestMappingHandlerMapping : Mapped "{[/error],produces=[text/html]}" onto public org.springframework.web.servlet.ModelAndView org.springframework.boot.autoconfigure.web.BasicErrorController.errorHtml(javax.servlet.http.HttpServletRequest,javax.servlet.http.HttpServletResponse)
2018-06-26 18:56:56.214  INFO 27184 --- [main] o.s.w.s.handler.SimpleUrlHandlerMapping  : Mapped URL path [/webjars/**] onto handler of type [class org.springframework.web.servlet.resource.ResourceHttpRequestHandler]
2018-06-26 18:56:56.214  INFO 27184 --- [main] o.s.w.s.handler.SimpleUrlHandlerMapping  : Mapped URL path [/**] onto handler of type [class org.springframework.web.servlet.resource.ResourceHttpRequestHandler]
2018-06-26 18:56:56.260  INFO 27184 --- [main] o.s.w.s.handler.SimpleUrlHandlerMapping  : Mapped URL path [/**/favicon.ico] onto handler of type [class org.springframework.web.servlet.resource.ResourceHttpRequestHandler]
2018-06-26 18:56:56.307  INFO 27184 --- [main] oConfiguration$WelcomePageHandlerMapping : Adding welcome page: class path resource [static/index.html]
2018-06-26 18:56:56.617  INFO 27184 --- [main] o.s.j.e.a.AnnotationMBeanExporter        : Registering beans for JMX exposure on startup
2018-06-26 18:56:56.906  INFO 27184 --- [main] s.b.c.e.t.TomcatEmbeddedServletContainer : Tomcat started on port(s): 9000 (https)
2018-06-26 18:56:56.906  INFO 27184 --- [main] application.CertificateGeneratorApp      : Started CertificateGeneratorApp in 5.407 seconds (JVM running for 5.822)
2018-06-26 18:56:56.906  INFO 27184 --- [main] application.CertificateGeneratorApp      : This is info : ASDF
2018-06-26 18:56:56.906  WARN 27184 --- [main] application.CertificateGeneratorApp      : This is warn : ASDF
2018-06-26 18:56:56.906 ERROR 27184 --- [main] application.CertificateGeneratorApp      : This is error : ASDF
2018-06-26 18:56:56.906 ERROR 27184 --- [main] application.CertificateGeneratorApp      : This is fatal : ASDF
2018-06-26 18:58:08.265  INFO 30164 --- [main] application.CertificateGeneratorApp      : Starting CertificateGeneratorApp on DESKTOP-LRM0SBP with PID 30164 (started by Dušan Rodić in C:\Users\Dušan Rodić\git\xml-conflicts\xml\CertificateGenerator)
2018-06-26 18:58:08.265  INFO 30164 --- [main] application.CertificateGeneratorApp      : No active profile set, falling back to default profiles: default
2018-06-26 18:58:08.312  INFO 30164 --- [main] ationConfigEmbeddedWebApplicationContext : Refreshing org.springframework.boot.context.embedded.AnnotationConfigEmbeddedWebApplicationContext@51b7e5df: startup date [Tue Jun 26 18:58:08 CEST 2018]; root of context hierarchy
2018-06-26 18:58:09.421  INFO 30164 --- [main] trationDelegate$BeanPostProcessorChecker : Bean 'org.springframework.ws.config.annotation.DelegatingWsConfiguration' of type [org.springframework.ws.config.annotation.DelegatingWsConfiguration$$EnhancerBySpringCGLIB$$9b05092] is not eligible for getting processed by all BeanPostProcessors (for example: not eligible for auto-proxying)
2018-06-26 18:58:09.528  INFO 30164 --- [main] .w.s.a.s.AnnotationActionEndpointMapping : Supporting [WS-Addressing August 2004, WS-Addressing 1.0]
2018-06-26 18:58:09.629  INFO 30164 --- [main] trationDelegate$BeanPostProcessorChecker : Bean 'org.springframework.transaction.annotation.ProxyTransactionManagementConfiguration' of type [org.springframework.transaction.annotation.ProxyTransactionManagementConfiguration$$EnhancerBySpringCGLIB$$65188b93] is not eligible for getting processed by all BeanPostProcessors (for example: not eligible for auto-proxying)
2018-06-26 18:58:10.457  INFO 30164 --- [main] s.b.c.e.t.TomcatEmbeddedServletContainer : Tomcat initialized with port(s): 9000 (https)
2018-06-26 18:58:10.461  INFO 30164 --- [main] o.apache.catalina.core.StandardService   : Starting service [Tomcat]
2018-06-26 18:58:10.461  INFO 30164 --- [main] org.apache.catalina.core.StandardEngine  : Starting Servlet Engine: Apache Tomcat/8.5.27
2018-06-26 18:58:10.616  INFO 30164 --- [localhost-startStop-1] o.a.c.c.C.[Tomcat].[localhost].[/]       : Initializing Spring embedded WebApplicationContext
2018-06-26 18:58:10.616  INFO 30164 --- [localhost-startStop-1] o.s.web.context.ContextLoader            : Root WebApplicationContext: initialization completed in 2304 ms
2018-06-26 18:58:10.782  INFO 30164 --- [localhost-startStop-1] o.s.b.w.servlet.ServletRegistrationBean  : Mapping servlet: 'dispatcherServlet' to [/]
2018-06-26 18:58:10.782  INFO 30164 --- [localhost-startStop-1] o.s.b.w.servlet.ServletRegistrationBean  : Mapping servlet: 'messageDispatcherServlet' to [/services/*]
2018-06-26 18:58:10.782  INFO 30164 --- [localhost-startStop-1] o.s.b.w.servlet.FilterRegistrationBean   : Mapping filter: 'characterEncodingFilter' to: [/*]
2018-06-26 18:58:10.782  INFO 30164 --- [localhost-startStop-1] o.s.b.w.servlet.FilterRegistrationBean   : Mapping filter: 'hiddenHttpMethodFilter' to: [/*]
2018-06-26 18:58:10.797  INFO 30164 --- [localhost-startStop-1] o.s.b.w.servlet.FilterRegistrationBean   : Mapping filter: 'httpPutFormContentFilter' to: [/*]
2018-06-26 18:58:10.797  INFO 30164 --- [localhost-startStop-1] o.s.b.w.servlet.FilterRegistrationBean   : Mapping filter: 'requestContextFilter' to: [/*]
2018-06-26 18:58:11.366  INFO 30164 --- [main] j.LocalContainerEntityManagerFactoryBean : Building JPA container EntityManagerFactory for persistence unit 'default'
2018-06-26 18:58:11.382  INFO 30164 --- [main] o.hibernate.jpa.internal.util.LogHelper  : HHH000204: Processing PersistenceUnitInfo [
	name: default
	...]
2018-06-26 18:58:11.460  INFO 30164 --- [main] org.hibernate.Version                    : HHH000412: Hibernate Core {5.0.12.Final}
2018-06-26 18:58:11.464  INFO 30164 --- [main] org.hibernate.cfg.Environment            : HHH000206: hibernate.properties not found
2018-06-26 18:58:11.464  INFO 30164 --- [main] org.hibernate.cfg.Environment            : HHH000021: Bytecode provider name : javassist
2018-06-26 18:58:11.495  INFO 30164 --- [main] o.hibernate.annotations.common.Version   : HCANN000001: Hibernate Commons Annotations {5.0.1.Final}
2018-06-26 18:58:11.718  INFO 30164 --- [main] org.hibernate.dialect.Dialect            : HHH000400: Using dialect: org.hibernate.dialect.MySQL5Dialect
2018-06-26 18:58:11.874  INFO 30164 --- [main] org.hibernate.tool.hbm2ddl.SchemaUpdate  : HHH000228: Running hbm2ddl schema update
2018-06-26 18:58:11.921  INFO 30164 --- [main] j.LocalContainerEntityManagerFactoryBean : Initialized JPA EntityManagerFactory for persistence unit 'default'
2018-06-26 18:58:12.303  INFO 30164 --- [main] o.s.oxm.jaxb.Jaxb2Marshaller             : Creating JAXBContext with context path [soap]
2018-06-26 18:58:12.350  INFO 30164 --- [main] o.s.ws.soap.saaj.SaajSoapMessageFactory  : Creating SAAJ 1.3 MessageFactory with SOAP 1.1 Protocol
2018-06-26 18:58:12.649  INFO 30164 --- [main] s.w.s.m.m.a.RequestMappingHandlerAdapter : Looking for @ControllerAdvice: org.springframework.boot.context.embedded.AnnotationConfigEmbeddedWebApplicationContext@51b7e5df: startup date [Tue Jun 26 18:58:08 CEST 2018]; root of context hierarchy
2018-06-26 18:58:12.788  INFO 30164 --- [main] s.w.s.m.m.a.RequestMappingHandlerMapping : Mapped "{[/certificates/check/{caAlias}],methods=[POST]}" onto public org.springframework.http.ResponseEntity<model.OCSPResponseStatus> controller.CertificateController.checkCertificate(java.lang.String,java.lang.String)
2018-06-26 18:58:12.788  INFO 30164 --- [main] s.w.s.m.m.a.RequestMappingHandlerMapping : Mapped "{[/certificates/newCSR/{caAlias}],methods=[POST]}" onto public org.springframework.http.ResponseEntity<java.lang.String> controller.CertificateController.sendCSR(model.CSRDto,java.lang.String) throws java.security.NoSuchAlgorithmException,java.io.FileNotFoundException,java.security.KeyStoreException,java.security.NoSuchProviderException,java.io.IOException
2018-06-26 18:58:12.788  INFO 30164 --- [main] s.w.s.m.m.a.RequestMappingHandlerMapping : Mapped "{[/certificates/file/{caAlias}],methods=[POST],produces=[text/plain]}" onto public org.springframework.http.ResponseEntity<org.springframework.core.io.ByteArrayResource> controller.CertificateController.getCertificateFile(java.lang.String,java.lang.String)
2018-06-26 18:58:12.788  INFO 30164 --- [main] s.w.s.m.m.a.RequestMappingHandlerMapping : Mapped "{[/certificates],methods=[GET]}" onto public org.springframework.http.ResponseEntity<java.util.List<java.lang.String>> controller.CertificateController.getAllCACertificates()
2018-06-26 18:58:12.788  INFO 30164 --- [main] s.w.s.m.m.a.RequestMappingHandlerMapping : Mapped "{[/certificates/revoke/{caAlias}],methods=[POST]}" onto public org.springframework.http.ResponseEntity<model.OCSPResponseStatus> controller.CertificateController.revokeCertificate(java.lang.String,java.lang.String)
2018-06-26 18:58:12.788  INFO 30164 --- [main] s.w.s.m.m.a.RequestMappingHandlerMapping : Mapped "{[/error]}" onto public org.springframework.http.ResponseEntity<java.util.Map<java.lang.String, java.lang.Object>> org.springframework.boot.autoconfigure.web.BasicErrorController.error(javax.servlet.http.HttpServletRequest)
2018-06-26 18:58:12.788  INFO 30164 --- [main] s.w.s.m.m.a.RequestMappingHandlerMapping : Mapped "{[/error],produces=[text/html]}" onto public org.springframework.web.servlet.ModelAndView org.springframework.boot.autoconfigure.web.BasicErrorController.errorHtml(javax.servlet.http.HttpServletRequest,javax.servlet.http.HttpServletResponse)
2018-06-26 18:58:12.819  INFO 30164 --- [main] o.s.w.s.handler.SimpleUrlHandlerMapping  : Mapped URL path [/webjars/**] onto handler of type [class org.springframework.web.servlet.resource.ResourceHttpRequestHandler]
2018-06-26 18:58:12.819  INFO 30164 --- [main] o.s.w.s.handler.SimpleUrlHandlerMapping  : Mapped URL path [/**] onto handler of type [class org.springframework.web.servlet.resource.ResourceHttpRequestHandler]
2018-06-26 18:58:12.866  INFO 30164 --- [main] o.s.w.s.handler.SimpleUrlHandlerMapping  : Mapped URL path [/**/favicon.ico] onto handler of type [class org.springframework.web.servlet.resource.ResourceHttpRequestHandler]
2018-06-26 18:58:12.898  INFO 30164 --- [main] oConfiguration$WelcomePageHandlerMapping : Adding welcome page: class path resource [static/index.html]
2018-06-26 18:58:13.210  INFO 30164 --- [main] o.s.j.e.a.AnnotationMBeanExporter        : Registering beans for JMX exposure on startup
2018-06-26 18:58:13.498  INFO 30164 --- [main] s.b.c.e.t.TomcatEmbeddedServletContainer : Tomcat started on port(s): 9000 (https)
2018-06-26 18:58:13.498  INFO 30164 --- [main] application.CertificateGeneratorApp      : Started CertificateGeneratorApp in 5.53 seconds (JVM running for 5.95)
2018-06-26 18:58:13.498  INFO 30164 --- [main] application.CertificateGeneratorApp      : This is info : ASDF
2018-06-26 18:58:13.498  WARN 30164 --- [main] application.CertificateGeneratorApp      : This is warn : ASDF
2018-06-26 18:58:13.498 ERROR 30164 --- [main] application.CertificateGeneratorApp      : This is error : ASDF
2018-06-26 18:58:13.498 ERROR 30164 --- [main] application.CertificateGeneratorApp      : This is fatal : ASDF
